[1Patrocinio.sql]
STATUS=11/06/2012 05:28:01
Erro : 
update smovest set idvenda=idvenda-1
where idvenda in 
(28,74,85,117,201,141,149,158,163,172
,168,179,193,215,301,293,290,284,276
,273,270,267,243,240,237,233,223)
go 

update smovest set idvenda=idvenda-1
where idvenda in (73,87,98,104,120,130,132,204,208,229)
go 

update smovest set idvenda=28 where idmov = 20

Erro : update smovest set idvenda=idvenda-1
where idvenda in 
(28,74,85,117,201,141,149,158,163,172
,168,179,193,215,301,293,290,284,276
,273,270,267,243,240,237,233,223)
go 

update smovest set idvenda=idvenda-1
where idvenda in (73,87,98,104,120,130,132,204,208,229)
go 

update smovest set idvenda=28 where idmov = 20
Erro : insert into smovest (IDEST, IDPROD, IDLOJA, DTMOV, QTDITEM, UNIDCONTROLE, TPDOC, NUMDOC, IDFOR, ITEMDOC, FAVORECIDO, TPLAN, TPTRANSA, IDTRANSF, SALDO,IDVENDA, OBS, FLGDELETE, DTCADASTRO, CODSIT) values
(2, 2,1, '2012-04-20 03:31:02.000', -1, 'pç', 'CV', '0', 1, 2,'Cliente', 'D', 'D', 0, 0,166, '', 0, GetDate(), 1)
Erro : insert into smovest (IDEST, IDPROD, IDLOJA, DTMOV, QTDITEM, UNIDCONTROLE, TPDOC, NUMDOC, IDFOR, ITEMDOC, FAVORECIDO, TPLAN, TPTRANSA, IDTRANSF, SALDO,IDVENDA, OBS, FLGDELETE, DTCADASTRO, CODSIT) values
(2, 2,1, '2012-05-21 14:51:09.000', -1, 'pç', 'CV', '0', 1, 2,'Cliente', 'D', 'D', 0, 0,265, '', 0, GetDate(), 1)
Erro : insert into smovest (IDEST, IDPROD, IDLOJA, DTMOV, QTDITEM, UNIDCONTROLE, TPDOC, NUMDOC, IDFOR, ITEMDOC, FAVORECIDO, TPLAN, TPTRANSA, IDTRANSF, SALDO,IDVENDA, OBS, FLGDELETE, DTCADASTRO, CODSIT) values
(2, 2,1, '2012-05-29 18:25:26.000', -1, 'pç', 'CV', '0', 1, 2,'Cliente', 'D', 'D', 0, 0,280, '', 0, GetDate(), 1)

Erro : update smovest set idvenda=idvenda-1
where idvenda in 
(28,74,85,117,201,141,149,158,163,172
,168,179,193,215,301,293,290,284,276
,273,270,267,243,240,237,233,223)
go 

update smovest set idvenda=idvenda-1
where idvenda in (73,87,98,104,120,130,132,204,208,229)
go 

update smovest set idvenda=28 where idmov = 20
Erro : insert into smovest (IDEST, IDPROD, IDLOJA, DTMOV, QTDITEM, UNIDCONTROLE, TPDOC, NUMDOC, IDFOR, ITEMDOC, FAVORECIDO, TPLAN, TPTRANSA, IDTRANSF, SALDO,IDVENDA, OBS, FLGDELETE, DTCADASTRO, CODSIT) values
(2, 2,1, '2012-04-20 03:31:02.000', -1, 'pç', 'CV', '0', 1, 2,'Cliente', 'D', 'D', 0, 0,166, '', 0, GetDate(), 1)
Erro : insert into smovest (IDEST, IDPROD, IDLOJA, DTMOV, QTDITEM, UNIDCONTROLE, TPDOC, NUMDOC, IDFOR, ITEMDOC, FAVORECIDO, TPLAN, TPTRANSA, IDTRANSF, SALDO,IDVENDA, OBS, FLGDELETE, DTCADASTRO, CODSIT) values
(2, 2,1, '2012-05-21 14:51:09.000', -1, 'pç', 'CV', '0', 1, 2,'Cliente', 'D', 'D', 0, 0,265, '', 0, GetDate(), 1)
Erro : insert into smovest (IDEST, IDPROD, IDLOJA, DTMOV, QTDITEM, UNIDCONTROLE, TPDOC, NUMDOC, IDFOR, ITEMDOC, FAVORECIDO, TPLAN, TPTRANSA, IDTRANSF, SALDO,IDVENDA, OBS, FLGDELETE, DTCADASTRO, CODSIT) values
(2, 2,1, '2012-05-29 18:25:26.000', -1, 'pç', 'CV', '0', 1, 2,'Cliente', 'D', 'D', 0, 0,280, '', 0, GetDate(), 1)

Erro : update smovest set idvenda=idvenda-1
where idvenda in 
(28,74,85,117,201,141,149,158,163,172
,168,179,193,215,301,293,290,284,276
,273,270,267,243,240,237,233,223)
go 

update smovest set idvenda=idvenda-1
where idvenda in (73,87,98,104,120,130,132,204,208,229)
go 

update smovest set idvenda=28 where idmov = 20
Erro : insert into smovest (IDEST, IDPROD, IDLOJA, DTMOV, QTDITEM, UNIDCONTROLE, TPDOC, NUMDOC, IDFOR, ITEMDOC, FAVORECIDO, TPLAN, TPTRANSA, IDTRANSF, SALDO,IDVENDA, OBS, FLGDELETE, DTCADASTRO, CODSIT) values
(2, 2,1, '2012-04-20 03:31:02.000', -1, 'pç', 'CV', '0', 1, 2,'Cliente', 'D', 'D', 0, 0,166, '', 0, GetDate(), 1)
Erro : insert into smovest (IDEST, IDPROD, IDLOJA, DTMOV, QTDITEM, UNIDCONTROLE, TPDOC, NUMDOC, IDFOR, ITEMDOC, FAVORECIDO, TPLAN, TPTRANSA, IDTRANSF, SALDO,IDVENDA, OBS, FLGDELETE, DTCADASTRO, CODSIT) values
(2, 2,1, '2012-05-21 14:51:09.000', -1, 'pç', 'CV', '0', 1, 2,'Cliente', 'D', 'D', 0, 0,265, '', 0, GetDate(), 1)
Erro : insert into smovest (IDEST, IDPROD, IDLOJA, DTMOV, QTDITEM, UNIDCONTROLE, TPDOC, NUMDOC, IDFOR, ITEMDOC, FAVORECIDO, TPLAN, TPTRANSA, IDTRANSF, SALDO,IDVENDA, OBS, FLGDELETE, DTCADASTRO, CODSIT) values
(2, 2,1, '2012-05-29 18:25:26.000', -1, 'pç', 'CV', '0', 1, 2,'Cliente', 'D', 'D', 0, 0,280, '', 0, GetDate(), 1)

