Line 54: Class SkinMenu.sMenu of control sMenu1 was not a loaded control class.
Line 60: The property name _ExtentX in sMenu1 is invalid.
Line 61: The property name _ExtentY in sMenu1 is invalid.
Line 62: The property name Style in sMenu1 is invalid.
Line 63: The property name HighLightStyle in sMenu1 is invalid.
Line 64: The property name ItemCount in sMenu1 is invalid.
Line 73: The property name ItemsFont in sMenu1 is invalid.
Line 74: The property name MenuCaption1 in sMenu1 is invalid.
Line 75: The property name MenuName1 in sMenu1 is invalid.
Line 76: The property name MenuDescription1 in sMenu1 is invalid.
Line 77: The property name MenuIdent2 in sMenu1 is invalid.
Line 78: The property name MenuCaption2 in sMenu1 is invalid.
Line 79: The property name MenuName2 in sMenu1 is invalid.
Line 80: The property name MenuPicture2 in sMenu1 is invalid.
Line 81: The property name MenuDescription2 in sMenu1 is invalid.
Line 82: The property name MenuIdent3 in sMenu1 is invalid.
Line 83: The property name MenuCaption3 in sMenu1 is invalid.
Line 84: The property name MenuName3 in sMenu1 is invalid.
Line 85: The property name MenuPicture3 in sMenu1 is invalid.
Line 86: The property name MenuDescription3 in sMenu1 is invalid.
Line 87: The property name MenuIdent4 in sMenu1 is invalid.
Line 88: The property name MenuCaption4 in sMenu1 is invalid.
Line 89: The property name MenuName4 in sMenu1 is invalid.
Line 90: The property name MenuMaskColor4 in sMenu1 is invalid.
Line 91: The property name MenuPicture4 in sMenu1 is invalid.
Line 92: The property name MenuDescription4 in sMenu1 is invalid.
Line 93: The property name MenuIdent5 in sMenu1 is invalid.
Line 94: The property name MenuCaption5 in sMenu1 is invalid.
Line 95: The property name MenuName5 in sMenu1 is invalid.
Line 96: The property name MenuDescription5 in sMenu1 is invalid.
Line 97: The property name MenuIdent6 in sMenu1 is invalid.
Line 98: The property name MenuCaption6 in sMenu1 is invalid.
Line 99: The property name MenuName6 in sMenu1 is invalid.
Line 100: The property name MenuPicture6 in sMenu1 is invalid.
Line 101: The property name MenuDescription6 in sMenu1 is invalid.
Line 102: The property name MenuIdent7 in sMenu1 is invalid.
Line 103: The property name MenuCaption7 in sMenu1 is invalid.
Line 104: The property name MenuName7 in sMenu1 is invalid.
Line 105: The property name MenuPicture7 in sMenu1 is invalid.
Line 106: The property name MenuDescription7 in sMenu1 is invalid.
Line 107: The property name MenuIdent8 in sMenu1 is invalid.
Line 108: The property name MenuCaption8 in sMenu1 is invalid.
Line 109: The property name MenuName8 in sMenu1 is invalid.
Line 110: The property name MenuDescription8 in sMenu1 is invalid.
Line 111: The property name MenuIdent9 in sMenu1 is invalid.
Line 112: The property name MenuCaption9 in sMenu1 is invalid.
Line 113: The property name MenuName9 in sMenu1 is invalid.
Line 114: The property name MenuPicture9 in sMenu1 is invalid.
Line 115: The property name MenuDescription9 in sMenu1 is invalid.
Line 116: The property name MenuIdent10 in sMenu1 is invalid.
Line 117: The property name MenuCaption10 in sMenu1 is invalid.
Line 118: The property name MenuName10 in sMenu1 is invalid.
Line 119: The property name MenuPicture10 in sMenu1 is invalid.
Line 120: The property name MenuIdent11 in sMenu1 is invalid.
Line 121: The property name MenuCaption11 in sMenu1 is invalid.
Line 122: The property name MenuName11 in sMenu1 is invalid.
Line 123: The property name MenuPicture11 in sMenu1 is invalid.
Line 124: The property name MenuDescription11 in sMenu1 is invalid.
Line 125: The property name MenuIdent12 in sMenu1 is invalid.
Line 126: The property name MenuCaption12 in sMenu1 is invalid.
Line 127: The property name MenuName12 in sMenu1 is invalid.
Line 128: The property name MenuPicture12 in sMenu1 is invalid.
Line 129: The property name MenuDescription12 in sMenu1 is invalid.
Line 130: The property name MenuIdent13 in sMenu1 is invalid.
Line 131: The property name MenuCaption13 in sMenu1 is invalid.
Line 132: The property name MenuName13 in sMenu1 is invalid.
Line 133: The property name MenuIdent14 in sMenu1 is invalid.
Line 134: The property name MenuCaption14 in sMenu1 is invalid.
Line 135: The property name MenuName14 in sMenu1 is invalid.
Line 136: The property name MenuDescription14 in sMenu1 is invalid.
Line 137: The property name MenuCaption15 in sMenu1 is invalid.
Line 138: The property name MenuName15 in sMenu1 is invalid.
Line 139: The property name MenuIdent16 in sMenu1 is invalid.
Line 140: The property name MenuCaption16 in sMenu1 is invalid.
Line 141: The property name MenuName16 in sMenu1 is invalid.
Line 142: The property name MenuPicture16 in sMenu1 is invalid.
Line 143: The property name MenuIdent17 in sMenu1 is invalid.
Line 144: The property name MenuCaption17 in sMenu1 is invalid.
Line 145: The property name MenuName17 in sMenu1 is invalid.
Line 146: The property name MenuPicture17 in sMenu1 is invalid.
Line 147: The property name MenuIdent18 in sMenu1 is invalid.
Line 148: The property name MenuCaption18 in sMenu1 is invalid.
Line 149: The property name MenuName18 in sMenu1 is invalid.
Line 150: The property name MenuPicture18 in sMenu1 is invalid.
Line 151: The property name MenuIdent19 in sMenu1 is invalid.
Line 152: The property name MenuCaption19 in sMenu1 is invalid.
Line 153: The property name MenuName19 in sMenu1 is invalid.
Line 154: The property name MenuPicture19 in sMenu1 is invalid.
Line 155: The property name MenuIdent20 in sMenu1 is invalid.
Line 156: The property name MenuCaption20 in sMenu1 is invalid.
Line 157: The property name MenuName20 in sMenu1 is invalid.
Line 158: The property name MenuPicture20 in sMenu1 is invalid.
Line 159: The property name MenuIdent21 in sMenu1 is invalid.
Line 160: The property name MenuCaption21 in sMenu1 is invalid.
Line 161: The property name MenuName21 in sMenu1 is invalid.
Line 162: The property name MenuPicture21 in sMenu1 is invalid.
Line 163: The property name MenuIdent22 in sMenu1 is invalid.
Line 164: The property name MenuCaption22 in sMenu1 is invalid.
Line 165: The property name MenuName22 in sMenu1 is invalid.
Line 166: The property name MenuPicture22 in sMenu1 is invalid.
Line 167: The property name MenuIdent23 in sMenu1 is invalid.
Line 168: The property name MenuCaption23 in sMenu1 is invalid.
Line 169: The property name MenuName23 in sMenu1 is invalid.
Line 170: The property name MenuPicture23 in sMenu1 is invalid.
Line 171: The property name MenuIdent24 in sMenu1 is invalid.
Line 172: The property name MenuCaption24 in sMenu1 is invalid.
Line 173: The property name MenuName24 in sMenu1 is invalid.
Line 174: The property name MenuIdent25 in sMenu1 is invalid.
Line 175: The property name MenuCaption25 in sMenu1 is invalid.
Line 176: The property name MenuName25 in sMenu1 is invalid.
Line 177: The property name MenuIdent26 in sMenu1 is invalid.
Line 178: The property name MenuCaption26 in sMenu1 is invalid.
Line 179: The property name MenuName26 in sMenu1 is invalid.
Line 180: The property name MenuPicture26 in sMenu1 is invalid.
Line 181: The property name MenuCaption27 in sMenu1 is invalid.
Line 182: The property name MenuName27 in sMenu1 is invalid.
Line 183: The property name MenuIdent28 in sMenu1 is invalid.
Line 184: The property name MenuCaption28 in sMenu1 is invalid.
Line 185: The property name MenuName28 in sMenu1 is invalid.
Line 186: The property name MenuIdent29 in sMenu1 is invalid.
Line 187: The property name MenuCaption29 in sMenu1 is invalid.
Line 188: The property name MenuName29 in sMenu1 is invalid.
Line 189: The property name MenuIdent30 in sMenu1 is invalid.
Line 190: The property name MenuCaption30 in sMenu1 is invalid.
Line 191: The property name MenuName30 in sMenu1 is invalid.
Line 192: The property name MenuPicture30 in sMenu1 is invalid.
Line 193: The property name MenuIdent31 in sMenu1 is invalid.
Line 194: The property name MenuCaption31 in sMenu1 is invalid.
Line 195: The property name MenuName31 in sMenu1 is invalid.
Line 196: The property name MenuIdent32 in sMenu1 is invalid.
Line 197: The property name MenuCaption32 in sMenu1 is invalid.
Line 198: The property name MenuName32 in sMenu1 is invalid.
Line 199: The property name MenuPicture32 in sMenu1 is invalid.
Line 200: The property name MenuIdent33 in sMenu1 is invalid.
Line 201: The property name MenuCaption33 in sMenu1 is invalid.
Line 202: The property name MenuName33 in sMenu1 is invalid.
Line 203: The property name MenuPicture33 in sMenu1 is invalid.
Line 204: The property name MenuIdent34 in sMenu1 is invalid.
Line 205: The property name MenuCaption34 in sMenu1 is invalid.
Line 206: The property name MenuName34 in sMenu1 is invalid.
Line 207: The property name MenuPicture34 in sMenu1 is invalid.
Line 208: The property name MenuIdent35 in sMenu1 is invalid.
Line 209: The property name MenuCaption35 in sMenu1 is invalid.
Line 210: The property name MenuName35 in sMenu1 is invalid.
Line 211: The property name MenuIdent36 in sMenu1 is invalid.
Line 212: The property name MenuCaption36 in sMenu1 is invalid.
Line 213: The property name MenuName36 in sMenu1 is invalid.
Line 214: The property name MenuPicture36 in sMenu1 is invalid.
Line 215: The property name MenuIdent37 in sMenu1 is invalid.
Line 216: The property name MenuCaption37 in sMenu1 is invalid.
Line 217: The property name MenuName37 in sMenu1 is invalid.
Line 218: The property name MenuIdent38 in sMenu1 is invalid.
Line 219: The property name MenuCaption38 in sMenu1 is invalid.
Line 220: The property name MenuName38 in sMenu1 is invalid.
Line 221: The property name MenuIdent39 in sMenu1 is invalid.
Line 222: The property name MenuCaption39 in sMenu1 is invalid.
Line 223: The property name MenuName39 in sMenu1 is invalid.
Line 224: The property name MenuIdent40 in sMenu1 is invalid.
Line 225: The property name MenuCaption40 in sMenu1 is invalid.
Line 226: The property name MenuName40 in sMenu1 is invalid.
Line 227: The property name MenuIdent41 in sMenu1 is invalid.
Line 228: The property name MenuCaption41 in sMenu1 is invalid.
Line 229: The property name MenuName41 in sMenu1 is invalid.
Line 230: The property name MenuPicture41 in sMenu1 is invalid.
Line 231: The property name MenuIdent42 in sMenu1 is invalid.
Line 232: The property name MenuCaption42 in sMenu1 is invalid.
Line 233: The property name MenuName42 in sMenu1 is invalid.
Line 234: The property name MenuPicture42 in sMenu1 is invalid.
Line 235: The property name MenuIdent43 in sMenu1 is invalid.
Line 236: The property name MenuCaption43 in sMenu1 is invalid.
Line 237: The property name MenuName43 in sMenu1 is invalid.
Line 238: The property name MenuPicture43 in sMenu1 is invalid.
Line 239: The property name MenuIdent44 in sMenu1 is invalid.
Line 240: The property name MenuCaption44 in sMenu1 is invalid.
Line 241: The property name MenuName44 in sMenu1 is invalid.
Line 242: The property name MenuPicture44 in sMenu1 is invalid.
Line 243: The property name MenuIdent45 in sMenu1 is invalid.
Line 244: The property name MenuCaption45 in sMenu1 is invalid.
Line 245: The property name MenuName45 in sMenu1 is invalid.
Line 246: The property name MenuPicture45 in sMenu1 is invalid.
Line 247: The property name MenuIdent46 in sMenu1 is invalid.
Line 248: The property name MenuCaption46 in sMenu1 is invalid.
Line 249: The property name MenuName46 in sMenu1 is invalid.
Line 250: The property name MenuIdent47 in sMenu1 is invalid.
Line 251: The property name MenuCaption47 in sMenu1 is invalid.
Line 252: The property name MenuName47 in sMenu1 is invalid.
Line 253: The property name MenuPicture47 in sMenu1 is invalid.
Line 254: The property name MenuCaption48 in sMenu1 is invalid.
Line 255: The property name MenuName48 in sMenu1 is invalid.
Line 256: The property name MenuChecked49 in sMenu1 is invalid.
Line 257: The property name MenuIdent49 in sMenu1 is invalid.
Line 258: The property name MenuCaption49 in sMenu1 is invalid.
Line 259: The property name MenuName49 in sMenu1 is invalid.
Line 260: The property name MenuIdent50 in sMenu1 is invalid.
Line 261: The property name MenuCaption50 in sMenu1 is invalid.
Line 262: The property name MenuName50 in sMenu1 is invalid.
Line 263: The property name MenuIdent51 in sMenu1 is invalid.
Line 264: The property name MenuCaption51 in sMenu1 is invalid.
Line 265: The property name MenuName51 in sMenu1 is invalid.
Line 266: The property name MenuIdent52 in sMenu1 is invalid.
Line 267: The property name MenuCaption52 in sMenu1 is invalid.
Line 268: The property name MenuName52 in sMenu1 is invalid.
Line 269: The property name MenuIdent53 in sMenu1 is invalid.
Line 270: The property name MenuCaption53 in sMenu1 is invalid.
Line 271: The property name MenuName53 in sMenu1 is invalid.
Line 272: The property name MenuIdent54 in sMenu1 is invalid.
Line 273: The property name MenuCaption54 in sMenu1 is invalid.
Line 274: The property name MenuName54 in sMenu1 is invalid.
Line 275: The property name MenuIdent55 in sMenu1 is invalid.
Line 276: The property name MenuCaption55 in sMenu1 is invalid.
Line 277: The property name MenuName55 in sMenu1 is invalid.
Line 278: The property name MenuIdent56 in sMenu1 is invalid.
Line 279: The property name MenuCaption56 in sMenu1 is invalid.
Line 280: The property name MenuName56 in sMenu1 is invalid.
Line 281: The property name MenuIdent57 in sMenu1 is invalid.
Line 282: The property name MenuCaption57 in sMenu1 is invalid.
Line 283: The property name MenuName57 in sMenu1 is invalid.
Line 284: The property name MenuIdent58 in sMenu1 is invalid.
Line 285: The property name MenuCaption58 in sMenu1 is invalid.
Line 286: The property name MenuName58 in sMenu1 is invalid.
Line 287: The property name MenuIdent59 in sMenu1 is invalid.
Line 288: The property name MenuCaption59 in sMenu1 is invalid.
Line 289: The property name MenuName59 in sMenu1 is invalid.
Line 290: The property name MenuCaption60 in sMenu1 is invalid.
Line 291: The property name MenuName60 in sMenu1 is invalid.
Line 292: The property name MenuIdent61 in sMenu1 is invalid.
Line 293: The property name MenuCaption61 in sMenu1 is invalid.
Line 294: The property name MenuName61 in sMenu1 is invalid.
Line 295: The property name MenuIdent62 in sMenu1 is invalid.
Line 296: The property name MenuCaption62 in sMenu1 is invalid.
Line 297: The property name MenuName62 in sMenu1 is invalid.
Line 298: The property name MenuIdent63 in sMenu1 is invalid.
Line 299: The property name MenuCaption63 in sMenu1 is invalid.
Line 300: The property name MenuName63 in sMenu1 is invalid.
Line 301: The property name MenuPicture63 in sMenu1 is invalid.
Line 302: The property name MenuIdent64 in sMenu1 is invalid.
Line 303: The property name MenuCaption64 in sMenu1 is invalid.
Line 304: The property name MenuName64 in sMenu1 is invalid.
Line 305: The property name MenuPicture64 in sMenu1 is invalid.
Line 306: The property name MenuIdent65 in sMenu1 is invalid.
Line 307: The property name MenuCaption65 in sMenu1 is invalid.
Line 308: The property name MenuName65 in sMenu1 is invalid.
Line 309: The property name MenuPicture65 in sMenu1 is invalid.
Line 310: The property name MenuIdent66 in sMenu1 is invalid.
Line 311: The property name MenuCaption66 in sMenu1 is invalid.
Line 312: The property name MenuName66 in sMenu1 is invalid.
Line 313: The property name MenuPicture66 in sMenu1 is invalid.
Line 314: The property name MenuIdent67 in sMenu1 is invalid.
Line 315: The property name MenuCaption67 in sMenu1 is invalid.
Line 316: The property name MenuName67 in sMenu1 is invalid.
